<?xml version="1.0" encoding="UTF-8"?>
<testng-results ignored="0" total="1" passed="1" failed="0" skipped="0">
  <reporter-output>
  </reporter-output>
  <suite started-at="2024-05-04T15:45:07 IST" name="Suite" finished-at="2024-05-04T15:45:21 IST" duration-ms="13897">
    <groups>
    </groups>
    <test started-at="2024-05-04T15:45:07 IST" name="Test" finished-at="2024-05-04T15:45:21 IST" duration-ms="13897">
      <class name="TestNGTestcases.parametersExample">
        <test-method signature="parameters(java.lang.String,java.lang.String)[pri:0, instance:TestNGTestcases.parametersExample@7526515b]" started-at="2024-05-04T15:45:07 IST" name="parameters" finished-at="2024-05-04T15:45:20 IST" duration-ms="13829" status="PASS">
          <params>
            <param index="0">
              <value>
                <![CDATA[student]]>
              </value>
            </param>
            <param index="1">
              <value>
                <![CDATA[Password123]]>
              </value>
            </param>
          </params>
          <reporter-output>
          </reporter-output>
        </test-method> <!-- parameters -->
      </class> <!-- TestNGTestcases.parametersExample -->
    </test> <!-- Test -->
  </suite> <!-- Suite -->
</testng-results>
